INFO:     Will watch for changes in these directories: ['/home/ubuntu/promethios_clean_pr']
INFO:     Uvicorn running on http://0.0.0.0:8002 (Press CTRL+C to quit)
INFO:     Started reloader process [83036] using StatReload
INFO:     Started server process [83038]
INFO:     Waiting for application startup.
INFO:     Application startup complete.
INFO: Attempting to use actual GovernanceCore from PROMETHIOS_KERNEL_PATH: /home/ubuntu/promethios_clean_pr/governance_core.py
INFO: Successfully loaded GovernanceCore from /home/ubuntu/promethios_clean_pr/governance_core.py
INFO: Restored sys.path after loading actual kernel.
Schemas loaded successfully from /home/ubuntu/promethios_clean_pr/ResurrectionCodex/01_Minimal_Governance_Core_MGC/MGC_Schema_Registry
Emotion telemetry logged: NEUTRAL (trust: 0.75)
GovernanceCore v1.2.0 initialized at canonical location
DEBUG: Captured stdout from kernel:
---
Executing loop_id: e29bc826-b698-44e2-b335-5b2d02169482 with input: {'loop_id': 'e29bc826-b698-44e2-b335-5b2d02169482', 'plan_details': {'task': 'Execute a deterministic task for audit replay testing.', 'complexity_level': 'medium', 'context_data': {'previous_attempts': 0, 'relevant_knowledge_ids': ['kn_audit_replay_1', 'kn_audit_replay_2']}}, 'operator_override_signal': None}
Emotion telemetry logged: NEUTRAL (trust: 0.75)
Logging Validated Justification: {
  "agent_id": "promethios_governance_core",
  "timestamp": "2025-05-15T22:47:39.865453Z",
  "entry_id": "justification_1b1e8386-2519-45ab-8b16-72adefecde7d",
  "plan_id": "plan_cd04",
  "loop_id": "loop_placeholder_dfde6b4f",
  "trust_score_at_decision": 0.75,
  "emotion_state_at_decision": "NEUTRAL",
  "decision_outcome": "ACCEPTED",
  "rejection_reason": null,
  "override_required": false,
  "validation_passed": true,
  "schema_versions": {
    "emotion_telemetry": "1.2.0",
    "justification_log": "1.2.0"
  }
}

---
DEBUG: Successfully parsed JUSTIFICATION log from stdout using raw_decode.
INFO:     127.0.0.1:35578 - "POST /loop/execute HTTP/1.1" 200 OK
DEBUG: Captured stdout from kernel:
---
Executing loop_id: e29bc826-b698-44e2-b335-5b2d02169482 with input: {'loop_id': 'e29bc826-b698-44e2-b335-5b2d02169482', 'plan_details': {'task': 'Execute a deterministic task for audit replay testing.', 'complexity_level': 'medium', 'context_data': {'previous_attempts': 0, 'relevant_knowledge_ids': ['kn_audit_replay_1', 'kn_audit_replay_2']}}, 'operator_override_signal': None}
Emotion telemetry logged: NEUTRAL (trust: 0.75)
Logging Validated Justification: {
  "agent_id": "promethios_governance_core",
  "timestamp": "2025-05-15T22:47:41.875989Z",
  "entry_id": "justification_0383ba86-81aa-4a72-9d3e-2610640e21f6",
  "plan_id": "plan_c286",
  "loop_id": "loop_placeholder_d565f2db",
  "trust_score_at_decision": 0.75,
  "emotion_state_at_decision": "NEUTRAL",
  "decision_outcome": "ACCEPTED",
  "rejection_reason": null,
  "override_required": false,
  "validation_passed": true,
  "schema_versions": {
    "emotion_telemetry": "1.2.0",
    "justification_log": "1.2.0"
  }
}

---
DEBUG: Successfully parsed JUSTIFICATION log from stdout using raw_decode.
INFO:     127.0.0.1:35594 - "POST /loop/execute HTTP/1.1" 200 OK
DEBUG: Captured stdout from kernel:
---
Executing loop_id: e29bc826-b698-44e2-b335-5b2d02169482 with input: {'loop_id': 'e29bc826-b698-44e2-b335-5b2d02169482', 'plan_details': {'task': 'Execute a deterministic task for audit replay testing.', 'complexity_level': 'medium', 'context_data': {'previous_attempts': 0, 'relevant_knowledge_ids': ['kn_audit_replay_1', 'kn_audit_replay_2']}}, 'operator_override_signal': None}
Emotion telemetry logged: NEUTRAL (trust: 0.75)
Logging Validated Justification: {
  "agent_id": "promethios_governance_core",
  "timestamp": "2025-05-15T22:47:43.887702Z",
  "entry_id": "justification_cd65a200-1ff9-42bf-886f-0db1c332cefb",
  "plan_id": "plan_d785",
  "loop_id": "loop_placeholder_925695dc",
  "trust_score_at_decision": 0.75,
  "emotion_state_at_decision": "NEUTRAL",
  "decision_outcome": "ACCEPTED",
  "rejection_reason": null,
  "override_required": false,
  "validation_passed": true,
  "schema_versions": {
    "emotion_telemetry": "1.2.0",
    "justification_log": "1.2.0"
  }
}

---
DEBUG: Successfully parsed JUSTIFICATION log from stdout using raw_decode.
INFO:     127.0.0.1:35610 - "POST /loop/execute HTTP/1.1" 200 OK
DEBUG: Captured stdout from kernel:
---
Executing loop_id: 0430453b-ed7c-4077-bedb-0d9b326f1389 with input: {'loop_id': '0430453b-ed7c-4077-bedb-0d9b326f1389', 'plan_details': {'task': 'Execute a deterministic task for audit replay testing.', 'complexity_level': 'medium', 'context_data': {'previous_attempts': 0, 'relevant_knowledge_ids': ['kn_audit_replay_1', 'kn_audit_replay_2']}}, 'operator_override_signal': None}
Emotion telemetry logged: NEUTRAL (trust: 0.75)
Logging Validated Justification: {
  "agent_id": "promethios_governance_core",
  "timestamp": "2025-05-15T23:03:22.170432Z",
  "entry_id": "justification_15599cd5-f68e-496a-83c4-a48f5edce842",
  "plan_id": "plan_b7c1",
  "loop_id": "loop_placeholder_0a4524f7",
  "trust_score_at_decision": 0.75,
  "emotion_state_at_decision": "NEUTRAL",
  "decision_outcome": "ACCEPTED",
  "rejection_reason": null,
  "override_required": false,
  "validation_passed": true,
  "schema_versions": {
    "emotion_telemetry": "1.2.0",
    "justification_log": "1.2.0"
  }
}

---
DEBUG: Successfully parsed JUSTIFICATION log from stdout using raw_decode.
INFO:     127.0.0.1:36394 - "POST /loop/execute HTTP/1.1" 200 OK
DEBUG: Captured stdout from kernel:
---
Executing loop_id: 0430453b-ed7c-4077-bedb-0d9b326f1389 with input: {'loop_id': '0430453b-ed7c-4077-bedb-0d9b326f1389', 'plan_details': {'task': 'Execute a deterministic task for audit replay testing.', 'complexity_level': 'medium', 'context_data': {'previous_attempts': 0, 'relevant_knowledge_ids': ['kn_audit_replay_1', 'kn_audit_replay_2']}}, 'operator_override_signal': None}
Emotion telemetry logged: NEUTRAL (trust: 0.75)
Logging Validated Justification: {
  "agent_id": "promethios_governance_core",
  "timestamp": "2025-05-15T23:03:24.183814Z",
  "entry_id": "justification_73315526-cac3-4d24-a858-0acf2cb34c29",
  "plan_id": "plan_80ef",
  "loop_id": "loop_placeholder_93a97304",
  "trust_score_at_decision": 0.75,
  "emotion_state_at_decision": "NEUTRAL",
  "decision_outcome": "ACCEPTED",
  "rejection_reason": null,
  "override_required": false,
  "validation_passed": true,
  "schema_versions": {
    "emotion_telemetry": "1.2.0",
    "justification_log": "1.2.0"
  }
}

---
DEBUG: Successfully parsed JUSTIFICATION log from stdout using raw_decode.
INFO:     127.0.0.1:36404 - "POST /loop/execute HTTP/1.1" 200 OK
DEBUG: Captured stdout from kernel:
---
Executing loop_id: 0430453b-ed7c-4077-bedb-0d9b326f1389 with input: {'loop_id': '0430453b-ed7c-4077-bedb-0d9b326f1389', 'plan_details': {'task': 'Execute a deterministic task for audit replay testing.', 'complexity_level': 'medium', 'context_data': {'previous_attempts': 0, 'relevant_knowledge_ids': ['kn_audit_replay_1', 'kn_audit_replay_2']}}, 'operator_override_signal': None}
Emotion telemetry logged: NEUTRAL (trust: 0.75)
Logging Validated Justification: {
  "agent_id": "promethios_governance_core",
  "timestamp": "2025-05-15T23:03:26.195140Z",
  "entry_id": "justification_fd61de3b-d206-461d-84d4-4e5b91c39614",
  "plan_id": "plan_8467",
  "loop_id": "loop_placeholder_00ff3fbd",
  "trust_score_at_decision": 0.75,
  "emotion_state_at_decision": "NEUTRAL",
  "decision_outcome": "ACCEPTED",
  "rejection_reason": null,
  "override_required": false,
  "validation_passed": true,
  "schema_versions": {
    "emotion_telemetry": "1.2.0",
    "justification_log": "1.2.0"
  }
}

---
DEBUG: Successfully parsed JUSTIFICATION log from stdout using raw_decode.
INFO:     127.0.0.1:44646 - "POST /loop/execute HTTP/1.1" 200 OK
WARNING:  StatReload detected changes in 'governance_core.py'. Reloading...
INFO:     Shutting down
INFO:     Waiting for application shutdown.
INFO:     Application shutdown complete.
INFO:     Finished server process [83038]
INFO:     Started server process [86685]
INFO:     Waiting for application startup.
INFO:     Application startup complete.
WARNING:  StatReload detected changes in 'verify_log_hashes.py'. Reloading...
INFO:     Shutting down
INFO:     Waiting for application shutdown.
INFO:     Application shutdown complete.
INFO:     Finished server process [86685]
INFO:     Started server process [86707]
INFO:     Waiting for application startup.
INFO:     Application startup complete.
INFO: Attempting to use actual GovernanceCore from PROMETHIOS_KERNEL_PATH: /home/ubuntu/promethios_clean_pr/governance_core.py
INFO: Successfully loaded GovernanceCore from /home/ubuntu/promethios_clean_pr/governance_core.py
INFO: Restored sys.path after loading actual kernel.
Schemas loaded successfully from /home/ubuntu/promethios_clean_pr/ResurrectionCodex/01_Minimal_Governance_Core_MGC/MGC_Schema_Registry
Emotion telemetry logged: NEUTRAL (trust: 0.75, hash: 44e5a5df...)
GovernanceCore v1.2.0 initialized at canonical location
DEBUG: Captured stdout from kernel:
---
Executing loop_id: 85de35c8-8542-448f-aeb1-63b93941bc76 with input: {'loop_id': '85de35c8-8542-448f-aeb1-63b93941bc76', 'plan_details': {'task': 'Execute a deterministic task for audit replay testing.', 'complexity_level': 'medium', 'context_data': {'previous_attempts': 0, 'relevant_knowledge_ids': ['kn_audit_replay_1', 'kn_audit_replay_2']}}, 'operator_override_signal': None}
Emotion telemetry logged: NEUTRAL (trust: 0.75, hash: 6e198549...)
Logging Validated Justification: Decision=ACCEPTED, Hash=68957038...

---
DEBUG: JSONDecodeError while parsing from stdout (prefix: JUSTIFICATION): Expecting value: line 1 column 1 (char 0). Skipping to next potential prefix.
INFO:     127.0.0.1:33170 - "POST /loop/execute HTTP/1.1" 200 OK
DEBUG: Captured stdout from kernel:
---
Executing loop_id: 85de35c8-8542-448f-aeb1-63b93941bc76 with input: {'loop_id': '85de35c8-8542-448f-aeb1-63b93941bc76', 'plan_details': {'task': 'Execute a deterministic task for audit replay testing.', 'complexity_level': 'medium', 'context_data': {'previous_attempts': 0, 'relevant_knowledge_ids': ['kn_audit_replay_1', 'kn_audit_replay_2']}}, 'operator_override_signal': None}
Emotion telemetry logged: NEUTRAL (trust: 0.75, hash: aa8cb121...)
Logging Validated Justification: Decision=ACCEPTED, Hash=828535a5...

---
DEBUG: JSONDecodeError while parsing from stdout (prefix: JUSTIFICATION): Expecting value: line 1 column 1 (char 0). Skipping to next potential prefix.
INFO:     127.0.0.1:58728 - "POST /loop/execute HTTP/1.1" 200 OK
DEBUG: Captured stdout from kernel:
---
Executing loop_id: 85de35c8-8542-448f-aeb1-63b93941bc76 with input: {'loop_id': '85de35c8-8542-448f-aeb1-63b93941bc76', 'plan_details': {'task': 'Execute a deterministic task for audit replay testing.', 'complexity_level': 'medium', 'context_data': {'previous_attempts': 0, 'relevant_knowledge_ids': ['kn_audit_replay_1', 'kn_audit_replay_2']}}, 'operator_override_signal': None}
Emotion telemetry logged: NEUTRAL (trust: 0.75, hash: 41fdafe4...)
Logging Validated Justification: Decision=ACCEPTED, Hash=d4a72c70...

---
DEBUG: JSONDecodeError while parsing from stdout (prefix: JUSTIFICATION): Expecting value: line 1 column 1 (char 0). Skipping to next potential prefix.
INFO:     127.0.0.1:58734 - "POST /loop/execute HTTP/1.1" 200 OK
DEBUG: Captured stdout from kernel:
---
Executing loop_id: 12345678-abcd-4321-efgh-987654321012 with input: {'loop_id': '12345678-abcd-4321-efgh-987654321012', 'plan_details': {'plan_id': 'test_plan_endpoint', 'plan_details': {'task_description': 'Testing endpoint with hash-embedded logging'}}, 'operator_override_signal': None}
Emotion telemetry logged: NEUTRAL (trust: 0.75, hash: d800ed12...)
Logging Validated Justification: Decision=ACCEPTED, Hash=438bde8e...

---
DEBUG: JSONDecodeError while parsing from stdout (prefix: JUSTIFICATION): Expecting value: line 1 column 1 (char 0). Skipping to next potential prefix.
INFO:     127.0.0.1:45540 - "POST /loop/execute HTTP/1.1" 200 OK
WARNING:  StatReload detected changes in 'promethios_ui_surface/src/utils/log_parser.py'. Reloading...
INFO:     Shutting down
INFO:     Waiting for application shutdown.
INFO:     Application shutdown complete.
INFO:     Finished server process [86707]
INFO:     Started server process [88571]
INFO:     Waiting for application startup.
INFO:     Application startup complete.
INFO: Attempting to use actual GovernanceCore from PROMETHIOS_KERNEL_PATH: /home/ubuntu/promethios_clean_pr/governance_core.py
INFO: Successfully loaded GovernanceCore from /home/ubuntu/promethios_clean_pr/governance_core.py
INFO: Restored sys.path after loading actual kernel.
Schemas loaded successfully from /home/ubuntu/promethios_clean_pr/ResurrectionCodex/01_Minimal_Governance_Core_MGC/MGC_Schema_Registry
Emotion telemetry logged: NEUTRAL (trust: 0.75, hash: 539daea0...)
GovernanceCore v1.2.0 initialized at canonical location
DEBUG: Captured stdout from kernel:
---
Executing loop_id: 5a72f49f-f6eb-4177-bc7c-9374f02c4f79 with input: {'loop_id': '5a72f49f-f6eb-4177-bc7c-9374f02c4f79', 'plan_details': {'task': 'Execute a deterministic task for audit replay testing.', 'complexity_level': 'medium', 'context_data': {'previous_attempts': 0, 'relevant_knowledge_ids': ['kn_audit_replay_1', 'kn_audit_replay_2']}}, 'operator_override_signal': None}
Emotion telemetry logged: NEUTRAL (trust: 0.75, hash: 0f26dca9...)
Logging Validated Justification: Decision=ACCEPTED, Hash=8312e2bf...

---
DEBUG: JSONDecodeError while parsing from stdout (prefix: JUSTIFICATION): Expecting value: line 1 column 1 (char 0). Skipping to next potential prefix.
INFO:     127.0.0.1:38682 - "POST /loop/execute HTTP/1.1" 200 OK
DEBUG: Captured stdout from kernel:
---
Executing loop_id: 5a72f49f-f6eb-4177-bc7c-9374f02c4f79 with input: {'loop_id': '5a72f49f-f6eb-4177-bc7c-9374f02c4f79', 'plan_details': {'task': 'Execute a deterministic task for audit replay testing.', 'complexity_level': 'medium', 'context_data': {'previous_attempts': 0, 'relevant_knowledge_ids': ['kn_audit_replay_1', 'kn_audit_replay_2']}}, 'operator_override_signal': None}
Emotion telemetry logged: NEUTRAL (trust: 0.75, hash: fa304a33...)
Logging Validated Justification: Decision=ACCEPTED, Hash=c0a266a4...

---
DEBUG: JSONDecodeError while parsing from stdout (prefix: JUSTIFICATION): Expecting value: line 1 column 1 (char 0). Skipping to next potential prefix.
INFO:     127.0.0.1:38692 - "POST /loop/execute HTTP/1.1" 200 OK
DEBUG: Captured stdout from kernel:
---
Executing loop_id: 5a72f49f-f6eb-4177-bc7c-9374f02c4f79 with input: {'loop_id': '5a72f49f-f6eb-4177-bc7c-9374f02c4f79', 'plan_details': {'task': 'Execute a deterministic task for audit replay testing.', 'complexity_level': 'medium', 'context_data': {'previous_attempts': 0, 'relevant_knowledge_ids': ['kn_audit_replay_1', 'kn_audit_replay_2']}}, 'operator_override_signal': None}
Emotion telemetry logged: NEUTRAL (trust: 0.75, hash: 7d65d95a...)
Logging Validated Justification: Decision=ACCEPTED, Hash=4919a2d2...

---
DEBUG: JSONDecodeError while parsing from stdout (prefix: JUSTIFICATION): Expecting value: line 1 column 1 (char 0). Skipping to next potential prefix.
INFO:     127.0.0.1:38702 - "POST /loop/execute HTTP/1.1" 200 OK
